# JRE version: OpenJDK Runtime Environment (8.0_202-b03) (build 1.8.0_202-release-1483-b03)
# Java VM: OpenJDK 64-Bit Server VM (25.202-b03 mixed mode windows-amd64 compressed oops)
Heap:
 PSYoungGen      total 140800K, used 58479K [0x000000076b600000, 0x0000000774a00000, 0x00000007c0000000)
  eden space 130048K, 44% used [0x000000076b600000,0x000000076ef1bc40,0x0000000773500000)
  from space 10752K, 0% used [0x0000000773f80000,0x0000000773f80000,0x0000000774a00000)
  to   space 10752K, 0% used [0x0000000773500000,0x0000000773500000,0x0000000773f80000)
 ParOldGen       total 115200K, used 9167K [0x00000006c2200000, 0x00000006c9280000, 0x000000076b600000)
  object space 115200K, 7% used [0x00000006c2200000,0x00000006c2af3ca0,0x00000006c9280000)
 Metaspace       used 27748K, capacity 28274K, committed 28416K, reserved 1075200K
  class space    used 3360K, capacity 3515K, committed 3584K, reserved 1048576K
GC Heap History (6 events):
Event: 1.075 GC heap before
{Heap before GC invocations=1 (full 0):
 PSYoungGen      total 75776K, used 65024K [0x000000076b600000, 0x0000000770a80000, 0x00000007c0000000)
  eden space 65024K, 100% used [0x000000076b600000,0x000000076f580000,0x000000076f580000)
  from space 10752K, 0% used [0x0000000770000000,0x0000000770000000,0x0000000770a80000)
  to   space 10752K, 0% used [0x000000076f580000,0x000000076f580000,0x0000000770000000)
 ParOldGen       total 173568K, used 0K [0x00000006c2200000, 0x00000006ccb80000, 0x000000076b600000)
  object space 173568K, 0% used [0x00000006c2200000,0x00000006c2200000,0x00000006ccb80000)
 Metaspace       used 15542K, capacity 15860K, committed 16000K, reserved 1062912K
  class space    used 1815K, capacity 1884K, committed 1920K, reserved 1048576K
Event: 1.090 GC heap after
Heap after GC invocations=1 (full 0):
 PSYoungGen      total 75776K, used 10730K [0x000000076b600000, 0x0000000774a00000, 0x00000007c0000000)
  eden space 65024K, 0% used [0x000000076b600000,0x000000076b600000,0x000000076f580000)
  from space 10752K, 99% used [0x000000076f580000,0x000000076fffab40,0x0000000770000000)
  to   space 10752K, 0% used [0x0000000773f80000,0x0000000773f80000,0x0000000774a00000)
 ParOldGen       total 173568K, used 4661K [0x00000006c2200000, 0x00000006ccb80000, 0x000000076b600000)
  object space 173568K, 2% used [0x00000006c2200000,0x00000006c268d7b0,0x00000006ccb80000)
 Metaspace       used 15542K, capacity 15860K, committed 16000K, reserved 1062912K
  class space    used 1815K, capacity 1884K, committed 1920K, reserved 1048576K
}
Event: 1.392 GC heap before
{Heap before GC invocations=2 (full 0):
 PSYoungGen      total 75776K, used 30910K [0x000000076b600000, 0x0000000774a00000, 0x00000007c0000000)
  eden space 65024K, 31% used [0x000000076b600000,0x000000076c9b4d50,0x000000076f580000)
  from space 10752K, 99% used [0x000000076f580000,0x000000076fffab40,0x0000000770000000)
  to   space 10752K, 0% used [0x0000000773f80000,0x0000000773f80000,0x0000000774a00000)
 ParOldGen       total 173568K, used 4661K [0x00000006c2200000, 0x00000006ccb80000, 0x000000076b600000)
  object space 173568K, 2% used [0x00000006c2200000,0x00000006c268d7b0,0x00000006ccb80000)
 Metaspace       used 20697K, capacity 21130K, committed 21296K, reserved 1069056K
  class space    used 2449K, capacity 2622K, committed 2688K, reserved 1048576K
Event: 1.403 GC heap after
Heap after GC invocations=2 (full 0):
 PSYoungGen      total 140800K, used 9491K [0x000000076b600000, 0x0000000774a00000, 0x00000007c0000000)
  eden space 130048K, 0% used [0x000000076b600000,0x000000076b600000,0x0000000773500000)
  from space 10752K, 88% used [0x0000000773f80000,0x00000007748c4f30,0x0000000774a00000)
  to   space 10752K, 0% used [0x0000000773500000,0x0000000773500000,0x0000000773f80000)
 ParOldGen       total 173568K, used 4733K [0x00000006c2200000, 0x00000006ccb80000, 0x000000076b600000)
  object space 173568K, 2% used [0x00000006c2200000,0x00000006c269f7c0,0x00000006ccb80000)
 Metaspace       used 20697K, capacity 21130K, committed 21296K, reserved 1069056K
  class space    used 2449K, capacity 2622K, committed 2688K, reserved 1048576K
}
Event: 1.403 GC heap before
{Heap before GC invocations=3 (full 1):
 PSYoungGen      total 140800K, used 9491K [0x000000076b600000, 0x0000000774a00000, 0x00000007c0000000)
  eden space 130048K, 0% used [0x000000076b600000,0x000000076b600000,0x0000000773500000)
  from space 10752K, 88% used [0x0000000773f80000,0x00000007748c4f30,0x0000000774a00000)
  to   space 10752K, 0% used [0x0000000773500000,0x0000000773500000,0x0000000773f80000)
 ParOldGen       total 173568K, used 4733K [0x00000006c2200000, 0x00000006ccb80000, 0x000000076b600000)
  object space 173568K, 2% used [0x00000006c2200000,0x00000006c269f7c0,0x00000006ccb80000)
 Metaspace       used 20697K, capacity 21130K, committed 21296K, reserved 1069056K
  class space    used 2449K, capacity 2622K, committed 2688K, reserved 1048576K
Event: 1.441 GC heap after
Heap after GC invocations=3 (full 1):
 PSYoungGen      total 140800K, used 0K [0x000000076b600000, 0x0000000774a00000, 0x00000007c0000000)
  eden space 130048K, 0% used [0x000000076b600000,0x000000076b600000,0x0000000773500000)
  from space 10752K, 0% used [0x0000000773f80000,0x0000000773f80000,0x0000000774a00000)
  to   space 10752K, 0% used [0x0000000773500000,0x0000000773500000,0x0000000773f80000)
 ParOldGen       total 115200K, used 9167K [0x00000006c2200000, 0x00000006c9280000, 0x000000076b600000)
  object space 115200K, 7% used [0x00000006c2200000,0x00000006c2af3ca0,0x00000006c9280000)
 Metaspace       used 20697K, capacity 21130K, committed 21296K, reserved 1069056K
  class space    used 2449K, capacity 2622K, committed 2688K, reserved 1048576K
}

