# JRE version: OpenJDK Runtime Environment (8.0_202-b03) (build 1.8.0_202-release-1483-b03)
# Java VM: OpenJDK 64-Bit Server VM (25.202-b03 mixed mode windows-amd64 compressed oops)
Heap:
 PSYoungGen      total 76288K, used 32382K [0x00000000f5580000, 0x00000000fcf00000, 0x0000000100000000)
  eden space 65536K, 36% used [0x00000000f5580000,0x00000000f6c8bcd8,0x00000000f9580000)
  from space 10752K, 81% used [0x00000000f9580000,0x00000000f9e13b98,0x00000000fa000000)
  to   space 13312K, 0% used [0x00000000fc200000,0x00000000fc200000,0x00000000fcf00000)
 ParOldGen       total 175104K, used 11763K [0x00000000e0000000, 0x00000000eab00000, 0x00000000f5580000)
  object space 175104K, 6% used [0x00000000e0000000,0x00000000e0b7cc98,0x00000000eab00000)
 Metaspace       used 33450K, capacity 34126K, committed 34304K, reserved 1079296K
  class space    used 4604K, capacity 4828K, committed 4864K, reserved 1048576K
GC Heap History (10 events):
Event: 2.853 GC heap before
{Heap before GC invocations=2 (full 0):
 PSYoungGen      total 76288K, used 72615K [0x00000000f5580000, 0x00000000faa80000, 0x0000000100000000)
  eden space 65536K, 100% used [0x00000000f5580000,0x00000000f9580000,0x00000000f9580000)
  from space 10752K, 65% used [0x00000000f9580000,0x00000000f9c69fa0,0x00000000fa000000)
  to   space 10752K, 0% used [0x00000000fa000000,0x00000000fa000000,0x00000000faa80000)
 ParOldGen       total 175104K, used 36K [0x00000000e0000000, 0x00000000eab00000, 0x00000000f5580000)
  object space 175104K, 0% used [0x00000000e0000000,0x00000000e0009330,0x00000000eab00000)
 Metaspace       used 15557K, capacity 16060K, committed 16256K, reserved 1062912K
  class space    used 2207K, capacity 2396K, committed 2432K, reserved 1048576K
Event: 2.867 GC heap after
Heap after GC invocations=2 (full 0):
 PSYoungGen      total 76288K, used 10750K [0x00000000f5580000, 0x00000000faa80000, 0x0000000100000000)
  eden space 65536K, 0% used [0x00000000f5580000,0x00000000f5580000,0x00000000f9580000)
  from space 10752K, 99% used [0x00000000fa000000,0x00000000faa7fba0,0x00000000faa80000)
  to   space 10752K, 0% used [0x00000000f9580000,0x00000000f9580000,0x00000000fa000000)
 ParOldGen       total 175104K, used 96K [0x00000000e0000000, 0x00000000eab00000, 0x00000000f5580000)
  object space 175104K, 0% used [0x00000000e0000000,0x00000000e00183e8,0x00000000eab00000)
 Metaspace       used 15557K, capacity 16060K, committed 16256K, reserved 1062912K
  class space    used 2207K, capacity 2396K, committed 2432K, reserved 1048576K
}
Event: 3.863 GC heap before
{Heap before GC invocations=3 (full 0):
 PSYoungGen      total 76288K, used 62602K [0x00000000f5580000, 0x00000000faa80000, 0x0000000100000000)
  eden space 65536K, 79% used [0x00000000f5580000,0x00000000f8822fa8,0x00000000f9580000)
  from space 10752K, 99% used [0x00000000fa000000,0x00000000faa7fba0,0x00000000faa80000)
  to   space 10752K, 0% used [0x00000000f9580000,0x00000000f9580000,0x00000000fa000000)
 ParOldGen       total 175104K, used 96K [0x00000000e0000000, 0x00000000eab00000, 0x00000000f5580000)
  object space 175104K, 0% used [0x00000000e0000000,0x00000000e00183e8,0x00000000eab00000)
 Metaspace       used 20693K, capacity 21162K, committed 21296K, reserved 1067008K
  class space    used 2958K, capacity 3123K, committed 3200K, reserved 1048576K
Event: 3.884 GC heap after
Heap after GC invocations=3 (full 0):
 PSYoungGen      total 76288K, used 10730K [0x00000000f5580000, 0x00000000faa80000, 0x0000000100000000)
  eden space 65536K, 0% used [0x00000000f5580000,0x00000000f5580000,0x00000000f9580000)
  from space 10752K, 99% used [0x00000000f9580000,0x00000000f9ffab70,0x00000000fa000000)
  to   space 10752K, 0% used [0x00000000fa000000,0x00000000fa000000,0x00000000faa80000)
 ParOldGen       total 175104K, used 1482K [0x00000000e0000000, 0x00000000eab00000, 0x00000000f5580000)
  object space 175104K, 0% used [0x00000000e0000000,0x00000000e01728e8,0x00000000eab00000)
 Metaspace       used 20693K, capacity 21162K, committed 21296K, reserved 1067008K
  class space    used 2958K, capacity 3123K, committed 3200K, reserved 1048576K
}
Event: 3.884 GC heap before
{Heap before GC invocations=4 (full 1):
 PSYoungGen      total 76288K, used 10730K [0x00000000f5580000, 0x00000000faa80000, 0x0000000100000000)
  eden space 65536K, 0% used [0x00000000f5580000,0x00000000f5580000,0x00000000f9580000)
  from space 10752K, 99% used [0x00000000f9580000,0x00000000f9ffab70,0x00000000fa000000)
  to   space 10752K, 0% used [0x00000000fa000000,0x00000000fa000000,0x00000000faa80000)
 ParOldGen       total 175104K, used 1482K [0x00000000e0000000, 0x00000000eab00000, 0x00000000f5580000)
  object space 175104K, 0% used [0x00000000e0000000,0x00000000e01728e8,0x00000000eab00000)
 Metaspace       used 20693K, capacity 21162K, committed 21296K, reserved 1067008K
  class space    used 2958K, capacity 3123K, committed 3200K, reserved 1048576K
Event: 3.931 GC heap after
Heap after GC invocations=4 (full 1):
 PSYoungGen      total 76288K, used 0K [0x00000000f5580000, 0x00000000faa80000, 0x0000000100000000)
  eden space 65536K, 0% used [0x00000000f5580000,0x00000000f5580000,0x00000000f9580000)
  from space 10752K, 0% used [0x00000000f9580000,0x00000000f9580000,0x00000000fa000000)
  to   space 10752K, 0% used [0x00000000fa000000,0x00000000fa000000,0x00000000faa80000)
 ParOldGen       total 175104K, used 11747K [0x00000000e0000000, 0x00000000eab00000, 0x00000000f5580000)
  object space 175104K, 6% used [0x00000000e0000000,0x00000000e0b78c98,0x00000000eab00000)
 Metaspace       used 20693K, capacity 21162K, committed 21296K, reserved 1067008K
  class space    used 2958K, capacity 3123K, committed 3200K, reserved 1048576K
}
Event: 4.962 GC heap before
{Heap before GC invocations=5 (full 1):
 PSYoungGen      total 76288K, used 65536K [0x00000000f5580000, 0x00000000faa80000, 0x0000000100000000)
  eden space 65536K, 100% used [0x00000000f5580000,0x00000000f9580000,0x00000000f9580000)
  from space 10752K, 0% used [0x00000000f9580000,0x00000000f9580000,0x00000000fa000000)
  to   space 10752K, 0% used [0x00000000fa000000,0x00000000fa000000,0x00000000faa80000)
 ParOldGen       total 175104K, used 11747K [0x00000000e0000000, 0x00000000eab00000, 0x00000000f5580000)
  object space 175104K, 6% used [0x00000000e0000000,0x00000000e0b78c98,0x00000000eab00000)
 Metaspace       used 29013K, capacity 29630K, committed 30080K, reserved 1075200K
  class space    used 3914K, capacity 4100K, committed 4224K, reserved 1048576K
Event: 4.971 GC heap after
Heap after GC invocations=5 (full 1):
 PSYoungGen      total 76288K, used 8052K [0x00000000f5580000, 0x00000000faa80000, 0x0000000100000000)
  eden space 65536K, 0% used [0x00000000f5580000,0x00000000f5580000,0x00000000f9580000)
  from space 10752K, 74% used [0x00000000fa000000,0x00000000fa7dd228,0x00000000faa80000)
  to   space 10752K, 0% used [0x00000000f9580000,0x00000000f9580000,0x00000000fa000000)
 ParOldGen       total 175104K, used 11755K [0x00000000e0000000, 0x00000000eab00000, 0x00000000f5580000)
  object space 175104K, 6% used [0x00000000e0000000,0x00000000e0b7ac98,0x00000000eab00000)
 Metaspace       used 29013K, capacity 29630K, committed 30080K, reserved 1075200K
  class space    used 3914K, capacity 4100K, committed 4224K, reserved 1048576K
}
Event: 5.695 GC heap before
{Heap before GC invocations=6 (full 1):
 PSYoungGen      total 76288K, used 73588K [0x00000000f5580000, 0x00000000faa80000, 0x0000000100000000)
  eden space 65536K, 100% used [0x00000000f5580000,0x00000000f9580000,0x00000000f9580000)
  from space 10752K, 74% used [0x00000000fa000000,0x00000000fa7dd228,0x00000000faa80000)
  to   space 10752K, 0% used [0x00000000f9580000,0x00000000f9580000,0x00000000fa000000)
 ParOldGen       total 175104K, used 11755K [0x00000000e0000000, 0x00000000eab00000, 0x00000000f5580000)
  object space 175104K, 6% used [0x00000000e0000000,0x00000000e0b7ac98,0x00000000eab00000)
 Metaspace       used 32083K, capacity 32706K, committed 33024K, reserved 1077248K
  class space    used 4416K, capacity 4592K, committed 4608K, reserved 1048576K
Event: 5.705 GC heap after
Heap after GC invocations=6 (full 1):
 PSYoungGen      total 76288K, used 8782K [0x00000000f5580000, 0x00000000fcf00000, 0x0000000100000000)
  eden space 65536K, 0% used [0x00000000f5580000,0x00000000f5580000,0x00000000f9580000)
  from space 10752K, 81% used [0x00000000f9580000,0x00000000f9e13b98,0x00000000fa000000)
  to   space 13312K, 0% used [0x00000000fc200000,0x00000000fc200000,0x00000000fcf00000)
 ParOldGen       total 175104K, used 11763K [0x00000000e0000000, 0x00000000eab00000, 0x00000000f5580000)
  object space 175104K, 6% used [0x00000000e0000000,0x00000000e0b7cc98,0x00000000eab00000)
 Metaspace       used 32083K, capacity 32706K, committed 33024K, reserved 1077248K
  class space    used 4416K, capacity 4592K, committed 4608K, reserved 1048576K
}

