# JRE version: OpenJDK Runtime Environment (8.0_202-b03) (build 1.8.0_202-release-1483-b03)
# Java VM: OpenJDK 64-Bit Server VM (25.202-b03 mixed mode windows-amd64 compressed oops)
Heap:
 PSYoungGen      total 143872K, used 124856K [0x00000000f5580000, 0x0000000100000000, 0x0000000100000000)
  eden space 129536K, 96% used [0x00000000f5580000,0x00000000fcf6e300,0x00000000fd400000)
  from space 14336K, 0% used [0x00000000ff200000,0x00000000ff200000,0x0000000100000000)
  to   space 22528K, 0% used [0x00000000fd400000,0x00000000fd400000,0x00000000fea00000)
 ParOldGen       total 276480K, used 40907K [0x00000000e0000000, 0x00000000f0e00000, 0x00000000f5580000)
  object space 276480K, 14% used [0x00000000e0000000,0x00000000e27f2dd8,0x00000000f0e00000)
 Metaspace       used 62376K, capacity 65094K, committed 65112K, reserved 1105920K
  class space    used 8456K, capacity 9082K, committed 9088K, reserved 1048576K
GC Heap History (10 events):
Event: 6.139 GC heap before
{Heap before GC invocations=7 (full 1):
 PSYoungGen      total 139264K, used 37045K [0x00000000f5580000, 0x0000000100000000, 0x0000000100000000)
  eden space 128512K, 20% used [0x00000000f5580000,0x00000000f6f30058,0x00000000fd300000)
  from space 10752K, 99% used [0x00000000fd300000,0x00000000fdd7d628,0x00000000fdd80000)
  to   space 14336K, 0% used [0x00000000ff200000,0x00000000ff200000,0x0000000100000000)
 ParOldGen       total 175104K, used 12519K [0x00000000e0000000, 0x00000000eab00000, 0x00000000f5580000)
  object space 175104K, 7% used [0x00000000e0000000,0x00000000e0c39f00,0x00000000eab00000)
 Metaspace       used 34651K, capacity 35432K, committed 35456K, reserved 1079296K
  class space    used 4766K, capacity 4989K, committed 4992K, reserved 1048576K
Event: 6.150 GC heap after
Heap after GC invocations=7 (full 1):
 PSYoungGen      total 160768K, used 9843K [0x00000000f5580000, 0x0000000100000000, 0x0000000100000000)
  eden space 146432K, 0% used [0x00000000f5580000,0x00000000f5580000,0x00000000fe480000)
  from space 14336K, 68% used [0x00000000ff200000,0x00000000ffb9cdf0,0x0000000100000000)
  to   space 13824K, 0% used [0x00000000fe480000,0x00000000fe480000,0x00000000ff200000)
 ParOldGen       total 175104K, used 12519K [0x00000000e0000000, 0x00000000eab00000, 0x00000000f5580000)
  object space 175104K, 7% used [0x00000000e0000000,0x00000000e0c39f00,0x00000000eab00000)
 Metaspace       used 34651K, capacity 35432K, committed 35456K, reserved 1079296K
  class space    used 4766K, capacity 4989K, committed 4992K, reserved 1048576K
}
Event: 6.150 GC heap before
{Heap before GC invocations=8 (full 2):
 PSYoungGen      total 160768K, used 9843K [0x00000000f5580000, 0x0000000100000000, 0x0000000100000000)
  eden space 146432K, 0% used [0x00000000f5580000,0x00000000f5580000,0x00000000fe480000)
  from space 14336K, 68% used [0x00000000ff200000,0x00000000ffb9cdf0,0x0000000100000000)
  to   space 13824K, 0% used [0x00000000fe480000,0x00000000fe480000,0x00000000ff200000)
 ParOldGen       total 175104K, used 12519K [0x00000000e0000000, 0x00000000eab00000, 0x00000000f5580000)
  object space 175104K, 7% used [0x00000000e0000000,0x00000000e0c39f00,0x00000000eab00000)
 Metaspace       used 34651K, capacity 35432K, committed 35456K, reserved 1079296K
  class space    used 4766K, capacity 4989K, committed 4992K, reserved 1048576K
Event: 6.248 GC heap after
Heap after GC invocations=8 (full 2):
 PSYoungGen      total 160768K, used 0K [0x00000000f5580000, 0x0000000100000000, 0x0000000100000000)
  eden space 146432K, 0% used [0x00000000f5580000,0x00000000f5580000,0x00000000fe480000)
  from space 14336K, 0% used [0x00000000ff200000,0x00000000ff200000,0x0000000100000000)
  to   space 13824K, 0% used [0x00000000fe480000,0x00000000fe480000,0x00000000ff200000)
 ParOldGen       total 175104K, used 17053K [0x00000000e0000000, 0x00000000eab00000, 0x00000000f5580000)
  object space 175104K, 9% used [0x00000000e0000000,0x00000000e10a7488,0x00000000eab00000)
 Metaspace       used 34641K, capacity 35396K, committed 35456K, reserved 1079296K
  class space    used 4763K, capacity 4983K, committed 4992K, reserved 1048576K
}
Event: 8.123 GC heap before
{Heap before GC invocations=9 (full 2):
 PSYoungGen      total 160768K, used 146432K [0x00000000f5580000, 0x0000000100000000, 0x0000000100000000)
  eden space 146432K, 100% used [0x00000000f5580000,0x00000000fe480000,0x00000000fe480000)
  from space 14336K, 0% used [0x00000000ff200000,0x00000000ff200000,0x0000000100000000)
  to   space 13824K, 0% used [0x00000000fe480000,0x00000000fe480000,0x00000000ff200000)
 ParOldGen       total 175104K, used 17058K [0x00000000e0000000, 0x00000000eab00000, 0x00000000f5580000)
  object space 175104K, 9% used [0x00000000e0000000,0x00000000e10a8bd8,0x00000000eab00000)
 Metaspace       used 48098K, capacity 49330K, committed 49536K, reserved 1091584K
  class space    used 6444K, capacity 6772K, committed 6784K, reserved 1048576K
Event: 8.141 GC heap after
Heap after GC invocations=9 (full 2):
 PSYoungGen      total 160256K, used 13816K [0x00000000f5580000, 0x0000000100000000, 0x0000000100000000)
  eden space 146432K, 0% used [0x00000000f5580000,0x00000000f5580000,0x00000000fe480000)
  from space 13824K, 99% used [0x00000000fe480000,0x00000000ff1fe110,0x00000000ff200000)
  to   space 14336K, 0% used [0x00000000ff200000,0x00000000ff200000,0x0000000100000000)
 ParOldGen       total 175104K, used 21409K [0x00000000e0000000, 0x00000000eab00000, 0x00000000f5580000)
  object space 175104K, 12% used [0x00000000e0000000,0x00000000e14e8508,0x00000000eab00000)
 Metaspace       used 48098K, capacity 49330K, committed 49536K, reserved 1091584K
  class space    used 6444K, capacity 6772K, committed 6784K, reserved 1048576K
}
Event: 9.836 GC heap before
{Heap before GC invocations=10 (full 2):
 PSYoungGen      total 160256K, used 138730K [0x00000000f5580000, 0x0000000100000000, 0x0000000100000000)
  eden space 146432K, 85% used [0x00000000f5580000,0x00000000fcf7c908,0x00000000fe480000)
  from space 13824K, 99% used [0x00000000fe480000,0x00000000ff1fe110,0x00000000ff200000)
  to   space 14336K, 0% used [0x00000000ff200000,0x00000000ff200000,0x0000000100000000)
 ParOldGen       total 175104K, used 21409K [0x00000000e0000000, 0x00000000eab00000, 0x00000000f5580000)
  object space 175104K, 12% used [0x00000000e0000000,0x00000000e14e8508,0x00000000eab00000)
 Metaspace       used 56901K, capacity 58912K, committed 59096K, reserved 1099776K
  class space    used 7647K, capacity 8185K, committed 8192K, reserved 1048576K
Event: 9.856 GC heap after
Heap after GC invocations=10 (full 2):
 PSYoungGen      total 143872K, used 14332K [0x00000000f5580000, 0x0000000100000000, 0x0000000100000000)
  eden space 129536K, 0% used [0x00000000f5580000,0x00000000f5580000,0x00000000fd400000)
  from space 14336K, 99% used [0x00000000ff200000,0x00000000fffff330,0x0000000100000000)
  to   space 22528K, 0% used [0x00000000fd400000,0x00000000fd400000,0x00000000fea00000)
 ParOldGen       total 175104K, used 32195K [0x00000000e0000000, 0x00000000eab00000, 0x00000000f5580000)
  object space 175104K, 18% used [0x00000000e0000000,0x00000000e1f70cc8,0x00000000eab00000)
 Metaspace       used 56901K, capacity 58912K, committed 59096K, reserved 1099776K
  class space    used 7647K, capacity 8185K, committed 8192K, reserved 1048576K
}
Event: 9.856 GC heap before
{Heap before GC invocations=11 (full 3):
 PSYoungGen      total 143872K, used 14332K [0x00000000f5580000, 0x0000000100000000, 0x0000000100000000)
  eden space 129536K, 0% used [0x00000000f5580000,0x00000000f5580000,0x00000000fd400000)
  from space 14336K, 99% used [0x00000000ff200000,0x00000000fffff330,0x0000000100000000)
  to   space 22528K, 0% used [0x00000000fd400000,0x00000000fd400000,0x00000000fea00000)
 ParOldGen       total 175104K, used 32195K [0x00000000e0000000, 0x00000000eab00000, 0x00000000f5580000)
  object space 175104K, 18% used [0x00000000e0000000,0x00000000e1f70cc8,0x00000000eab00000)
 Metaspace       used 56901K, capacity 58912K, committed 59096K, reserved 1099776K
  class space    used 7647K, capacity 8185K, committed 8192K, reserved 1048576K
Event: 10.212 GC heap after
Heap after GC invocations=11 (full 3):
 PSYoungGen      total 143872K, used 0K [0x00000000f5580000, 0x0000000100000000, 0x0000000100000000)
  eden space 129536K, 0% used [0x00000000f5580000,0x00000000f5580000,0x00000000fd400000)
  from space 14336K, 0% used [0x00000000ff200000,0x00000000ff200000,0x0000000100000000)
  to   space 22528K, 0% used [0x00000000fd400000,0x00000000fd400000,0x00000000fea00000)
 ParOldGen       total 276480K, used 40907K [0x00000000e0000000, 0x00000000f0e00000, 0x00000000f5580000)
  object space 276480K, 14% used [0x00000000e0000000,0x00000000e27f2dd8,0x00000000f0e00000)
 Metaspace       used 56901K, capacity 58912K, committed 59096K, reserved 1099776K
  class space    used 7647K, capacity 8185K, committed 8192K, reserved 1048576K
}

