# JRE version: OpenJDK Runtime Environment (8.0_202-b03) (build 1.8.0_202-release-1483-b03)
# Java VM: OpenJDK 64-Bit Server VM (25.202-b03 mixed mode windows-amd64 compressed oops)
Heap:
 PSYoungGen      total 154112K, used 33891K [0x00000000f5580000, 0x0000000100000000, 0x0000000100000000)
  eden space 133120K, 16% used [0x00000000f5580000,0x00000000f6ab9c18,0x00000000fd780000)
  from space 20992K, 57% used [0x00000000feb80000,0x00000000ff75f3d0,0x0000000100000000)
  to   space 20480K, 0% used [0x00000000fd780000,0x00000000fd780000,0x00000000feb80000)
 ParOldGen       total 271360K, used 36808K [0x00000000e0000000, 0x00000000f0900000, 0x00000000f5580000)
  object space 271360K, 13% used [0x00000000e0000000,0x00000000e23f20a8,0x00000000f0900000)
 Metaspace       used 65259K, capacity 68030K, committed 68184K, reserved 1107968K
  class space    used 8643K, capacity 9272K, committed 9344K, reserved 1048576K
GC Heap History (10 events):
Event: 11.535 GC heap before
{Heap before GC invocations=9 (full 2):
 PSYoungGen      total 116224K, used 103936K [0x00000000f5580000, 0x00000000fdb00000, 0x0000000100000000)
  eden space 103936K, 100% used [0x00000000f5580000,0x00000000fbb00000,0x00000000fbb00000)
  from space 12288K, 0% used [0x00000000fc880000,0x00000000fc880000,0x00000000fd480000)
  to   space 13824K, 0% used [0x00000000fbb00000,0x00000000fbb00000,0x00000000fc880000)
 ParOldGen       total 178688K, used 18997K [0x00000000e0000000, 0x00000000eae80000, 0x00000000f5580000)
  object space 178688K, 10% used [0x00000000e0000000,0x00000000e128d6d0,0x00000000eae80000)
 Metaspace       used 44952K, capacity 45978K, committed 46424K, reserved 1089536K
  class space    used 6018K, capacity 6247K, committed 6272K, reserved 1048576K
Event: 11.550 GC heap after
Heap after GC invocations=9 (full 2):
 PSYoungGen      total 117760K, used 13599K [0x00000000f5580000, 0x00000000ff680000, 0x0000000100000000)
  eden space 103936K, 0% used [0x00000000f5580000,0x00000000f5580000,0x00000000fbb00000)
  from space 13824K, 98% used [0x00000000fbb00000,0x00000000fc847ca0,0x00000000fc880000)
  to   space 15360K, 0% used [0x00000000fe780000,0x00000000fe780000,0x00000000ff680000)
 ParOldGen       total 178688K, used 19005K [0x00000000e0000000, 0x00000000eae80000, 0x00000000f5580000)
  object space 178688K, 10% used [0x00000000e0000000,0x00000000e128f6d0,0x00000000eae80000)
 Metaspace       used 44952K, capacity 45978K, committed 46424K, reserved 1089536K
  class space    used 6018K, capacity 6247K, committed 6272K, reserved 1048576K
}
Event: 12.830 GC heap before
{Heap before GC invocations=10 (full 2):
 PSYoungGen      total 117760K, used 117535K [0x00000000f5580000, 0x00000000ff680000, 0x0000000100000000)
  eden space 103936K, 100% used [0x00000000f5580000,0x00000000fbb00000,0x00000000fbb00000)
  from space 13824K, 98% used [0x00000000fbb00000,0x00000000fc847ca0,0x00000000fc880000)
  to   space 15360K, 0% used [0x00000000fe780000,0x00000000fe780000,0x00000000ff680000)
 ParOldGen       total 178688K, used 19005K [0x00000000e0000000, 0x00000000eae80000, 0x00000000f5580000)
  object space 178688K, 10% used [0x00000000e0000000,0x00000000e128f6d0,0x00000000eae80000)
 Metaspace       used 52955K, capacity 54390K, committed 54616K, reserved 1095680K
  class space    used 7150K, capacity 7546K, committed 7552K, reserved 1048576K
Event: 12.848 GC heap after
Heap after GC invocations=10 (full 2):
 PSYoungGen      total 146944K, used 15331K [0x00000000f5580000, 0x00000000ffc80000, 0x0000000100000000)
  eden space 131584K, 0% used [0x00000000f5580000,0x00000000f5580000,0x00000000fd600000)
  from space 15360K, 99% used [0x00000000fe780000,0x00000000ff678c98,0x00000000ff680000)
  to   space 17920K, 0% used [0x00000000fd600000,0x00000000fd600000,0x00000000fe780000)
 ParOldGen       total 178688K, used 22043K [0x00000000e0000000, 0x00000000eae80000, 0x00000000f5580000)
  object space 178688K, 12% used [0x00000000e0000000,0x00000000e1586ff8,0x00000000eae80000)
 Metaspace       used 52955K, capacity 54390K, committed 54616K, reserved 1095680K
  class space    used 7150K, capacity 7546K, committed 7552K, reserved 1048576K
}
Event: 13.909 GC heap before
{Heap before GC invocations=11 (full 2):
 PSYoungGen      total 146944K, used 78394K [0x00000000f5580000, 0x00000000ffc80000, 0x0000000100000000)
  eden space 131584K, 47% used [0x00000000f5580000,0x00000000f9315cb8,0x00000000fd600000)
  from space 15360K, 99% used [0x00000000fe780000,0x00000000ff678c98,0x00000000ff680000)
  to   space 17920K, 0% used [0x00000000fd600000,0x00000000fd600000,0x00000000fe780000)
 ParOldGen       total 178688K, used 22043K [0x00000000e0000000, 0x00000000eae80000, 0x00000000f5580000)
  object space 178688K, 12% used [0x00000000e0000000,0x00000000e1586ff8,0x00000000eae80000)
 Metaspace       used 56855K, capacity 58818K, committed 58968K, reserved 1099776K
  class space    used 7649K, capacity 8202K, committed 8320K, reserved 1048576K
Event: 13.936 GC heap after
Heap after GC invocations=11 (full 2):
 PSYoungGen      total 149504K, used 17908K [0x00000000f5580000, 0x0000000100000000, 0x0000000100000000)
  eden space 131584K, 0% used [0x00000000f5580000,0x00000000f5580000,0x00000000fd600000)
  from space 17920K, 99% used [0x00000000fd600000,0x00000000fe77d360,0x00000000fe780000)
  to   space 20992K, 0% used [0x00000000feb80000,0x00000000feb80000,0x0000000100000000)
 ParOldGen       total 178688K, used 24682K [0x00000000e0000000, 0x00000000eae80000, 0x00000000f5580000)
  object space 178688K, 13% used [0x00000000e0000000,0x00000000e181a808,0x00000000eae80000)
 Metaspace       used 56855K, capacity 58818K, committed 58968K, reserved 1099776K
  class space    used 7649K, capacity 8202K, committed 8320K, reserved 1048576K
}
Event: 13.936 GC heap before
{Heap before GC invocations=12 (full 3):
 PSYoungGen      total 149504K, used 17908K [0x00000000f5580000, 0x0000000100000000, 0x0000000100000000)
  eden space 131584K, 0% used [0x00000000f5580000,0x00000000f5580000,0x00000000fd600000)
  from space 17920K, 99% used [0x00000000fd600000,0x00000000fe77d360,0x00000000fe780000)
  to   space 20992K, 0% used [0x00000000feb80000,0x00000000feb80000,0x0000000100000000)
 ParOldGen       total 178688K, used 24682K [0x00000000e0000000, 0x00000000eae80000, 0x00000000f5580000)
  object space 178688K, 13% used [0x00000000e0000000,0x00000000e181a808,0x00000000eae80000)
 Metaspace       used 56855K, capacity 58818K, committed 58968K, reserved 1099776K
  class space    used 7649K, capacity 8202K, committed 8320K, reserved 1048576K
Event: 14.323 GC heap after
Heap after GC invocations=12 (full 3):
 PSYoungGen      total 149504K, used 0K [0x00000000f5580000, 0x0000000100000000, 0x0000000100000000)
  eden space 131584K, 0% used [0x00000000f5580000,0x00000000f5580000,0x00000000fd600000)
  from space 17920K, 0% used [0x00000000fd600000,0x00000000fd600000,0x00000000fe780000)
  to   space 20992K, 0% used [0x00000000feb80000,0x00000000feb80000,0x0000000100000000)
 ParOldGen       total 271360K, used 36800K [0x00000000e0000000, 0x00000000f0900000, 0x00000000f5580000)
  object space 271360K, 13% used [0x00000000e0000000,0x00000000e23f00a8,0x00000000f0900000)
 Metaspace       used 56855K, capacity 58818K, committed 58968K, reserved 1099776K
  class space    used 7649K, capacity 8202K, committed 8320K, reserved 1048576K
}
Event: 16.503 GC heap before
{Heap before GC invocations=13 (full 3):
 PSYoungGen      total 149504K, used 131584K [0x00000000f5580000, 0x0000000100000000, 0x0000000100000000)
  eden space 131584K, 100% used [0x00000000f5580000,0x00000000fd600000,0x00000000fd600000)
  from space 17920K, 0% used [0x00000000fd600000,0x00000000fd600000,0x00000000fe780000)
  to   space 20992K, 0% used [0x00000000feb80000,0x00000000feb80000,0x0000000100000000)
 ParOldGen       total 271360K, used 36800K [0x00000000e0000000, 0x00000000f0900000, 0x00000000f5580000)
  object space 271360K, 13% used [0x00000000e0000000,0x00000000e23f00a8,0x00000000f0900000)
 Metaspace       used 64316K, capacity 67068K, committed 67288K, reserved 1107968K
  class space    used 8569K, capacity 9194K, committed 9216K, reserved 1048576K
Event: 16.532 GC heap after
Heap after GC invocations=13 (full 3):
 PSYoungGen      total 154112K, used 12156K [0x00000000f5580000, 0x0000000100000000, 0x0000000100000000)
  eden space 133120K, 0% used [0x00000000f5580000,0x00000000f5580000,0x00000000fd780000)
  from space 20992K, 57% used [0x00000000feb80000,0x00000000ff75f3d0,0x0000000100000000)
  to   space 20480K, 0% used [0x00000000fd780000,0x00000000fd780000,0x00000000feb80000)
 ParOldGen       total 271360K, used 36808K [0x00000000e0000000, 0x00000000f0900000, 0x00000000f5580000)
  object space 271360K, 13% used [0x00000000e0000000,0x00000000e23f20a8,0x00000000f0900000)
 Metaspace       used 64316K, capacity 67068K, committed 67288K, reserved 1107968K
  class space    used 8569K, capacity 9194K, committed 9216K, reserved 1048576K
}

