# JRE version: OpenJDK Runtime Environment (8.0_202-b03) (build 1.8.0_202-release-1483-b03)
# Java VM: OpenJDK 64-Bit Server VM (25.202-b03 mixed mode windows-amd64 compressed oops)
Heap:
 PSYoungGen      total 76288K, used 53320K [0x00000000f5580000, 0x00000000fea80000, 0x0000000100000000)
  eden space 65536K, 81% used [0x00000000f5580000,0x00000000f89923f0,0x00000000f9580000)
  from space 10752K, 0% used [0x00000000f9580000,0x00000000f9580000,0x00000000fa000000)
  to   space 10752K, 0% used [0x00000000fe000000,0x00000000fe000000,0x00000000fea80000)
 ParOldGen       total 175104K, used 11836K [0x00000000e0000000, 0x00000000eab00000, 0x00000000f5580000)
  object space 175104K, 6% used [0x00000000e0000000,0x00000000e0b8f270,0x00000000eab00000)
 Metaspace       used 27664K, capacity 28200K, committed 28288K, reserved 1073152K
  class space    used 3787K, capacity 3967K, committed 3968K, reserved 1048576K
GC Heap History (8 events):
Event: 1.258 GC heap before
{Heap before GC invocations=1 (full 0):
 PSYoungGen      total 76288K, used 65536K [0x00000000f5580000, 0x00000000faa80000, 0x0000000100000000)
  eden space 65536K, 100% used [0x00000000f5580000,0x00000000f9580000,0x00000000f9580000)
  from space 10752K, 0% used [0x00000000fa000000,0x00000000fa000000,0x00000000faa80000)
  to   space 10752K, 0% used [0x00000000f9580000,0x00000000f9580000,0x00000000fa000000)
 ParOldGen       total 175104K, used 0K [0x00000000e0000000, 0x00000000eab00000, 0x00000000f5580000)
  object space 175104K, 0% used [0x00000000e0000000,0x00000000e0000000,0x00000000eab00000)
 Metaspace       used 8640K, capacity 8950K, committed 9216K, reserved 1056768K
  class space    used 1106K, capacity 1177K, committed 1280K, reserved 1048576K
Event: 1.266 GC heap after
Heap after GC invocations=1 (full 0):
 PSYoungGen      total 76288K, used 6918K [0x00000000f5580000, 0x00000000faa80000, 0x0000000100000000)
  eden space 65536K, 0% used [0x00000000f5580000,0x00000000f5580000,0x00000000f9580000)
  from space 10752K, 64% used [0x00000000f9580000,0x00000000f9c41a78,0x00000000fa000000)
  to   space 10752K, 0% used [0x00000000fa000000,0x00000000fa000000,0x00000000faa80000)
 ParOldGen       total 175104K, used 31K [0x00000000e0000000, 0x00000000eab00000, 0x00000000f5580000)
  object space 175104K, 0% used [0x00000000e0000000,0x00000000e0007c60,0x00000000eab00000)
 Metaspace       used 8640K, capacity 8950K, committed 9216K, reserved 1056768K
  class space    used 1106K, capacity 1177K, committed 1280K, reserved 1048576K
}
Event: 2.588 GC heap before
{Heap before GC invocations=2 (full 0):
 PSYoungGen      total 76288K, used 72454K [0x00000000f5580000, 0x00000000faa80000, 0x0000000100000000)
  eden space 65536K, 100% used [0x00000000f5580000,0x00000000f9580000,0x00000000f9580000)
  from space 10752K, 64% used [0x00000000f9580000,0x00000000f9c41a78,0x00000000fa000000)
  to   space 10752K, 0% used [0x00000000fa000000,0x00000000fa000000,0x00000000faa80000)
 ParOldGen       total 175104K, used 31K [0x00000000e0000000, 0x00000000eab00000, 0x00000000f5580000)
  object space 175104K, 0% used [0x00000000e0000000,0x00000000e0007c60,0x00000000eab00000)
 Metaspace       used 15469K, capacity 15964K, committed 16256K, reserved 1062912K
  class space    used 2193K, capacity 2364K, committed 2432K, reserved 1048576K
Event: 2.602 GC heap after
Heap after GC invocations=2 (full 0):
 PSYoungGen      total 76288K, used 10575K [0x00000000f5580000, 0x00000000faa80000, 0x0000000100000000)
  eden space 65536K, 0% used [0x00000000f5580000,0x00000000f5580000,0x00000000f9580000)
  from space 10752K, 98% used [0x00000000fa000000,0x00000000faa53f78,0x00000000faa80000)
  to   space 10752K, 0% used [0x00000000f9580000,0x00000000f9580000,0x00000000fa000000)
 ParOldGen       total 175104K, used 39K [0x00000000e0000000, 0x00000000eab00000, 0x00000000f5580000)
  object space 175104K, 0% used [0x00000000e0000000,0x00000000e0009c60,0x00000000eab00000)
 Metaspace       used 15469K, capacity 15964K, committed 16256K, reserved 1062912K
  class space    used 2193K, capacity 2364K, committed 2432K, reserved 1048576K
}
Event: 3.239 GC heap before
{Heap before GC invocations=3 (full 0):
 PSYoungGen      total 76288K, used 63514K [0x00000000f5580000, 0x00000000faa80000, 0x0000000100000000)
  eden space 65536K, 80% used [0x00000000f5580000,0x00000000f8932888,0x00000000f9580000)
  from space 10752K, 98% used [0x00000000fa000000,0x00000000faa53f78,0x00000000faa80000)
  to   space 10752K, 0% used [0x00000000f9580000,0x00000000f9580000,0x00000000fa000000)
 ParOldGen       total 175104K, used 39K [0x00000000e0000000, 0x00000000eab00000, 0x00000000f5580000)
  object space 175104K, 0% used [0x00000000e0000000,0x00000000e0009c60,0x00000000eab00000)
 Metaspace       used 20689K, capacity 21162K, committed 21296K, reserved 1067008K
  class space    used 2959K, capacity 3123K, committed 3200K, reserved 1048576K
Event: 3.252 GC heap after
Heap after GC invocations=3 (full 0):
 PSYoungGen      total 76288K, used 10738K [0x00000000f5580000, 0x00000000fea80000, 0x0000000100000000)
  eden space 65536K, 0% used [0x00000000f5580000,0x00000000f5580000,0x00000000f9580000)
  from space 10752K, 99% used [0x00000000f9580000,0x00000000f9ffc828,0x00000000fa000000)
  to   space 10752K, 0% used [0x00000000fe000000,0x00000000fe000000,0x00000000fea80000)
 ParOldGen       total 175104K, used 1558K [0x00000000e0000000, 0x00000000eab00000, 0x00000000f5580000)
  object space 175104K, 0% used [0x00000000e0000000,0x00000000e0185bc0,0x00000000eab00000)
 Metaspace       used 20689K, capacity 21162K, committed 21296K, reserved 1067008K
  class space    used 2959K, capacity 3123K, committed 3200K, reserved 1048576K
}
Event: 3.252 GC heap before
{Heap before GC invocations=4 (full 1):
 PSYoungGen      total 76288K, used 10738K [0x00000000f5580000, 0x00000000fea80000, 0x0000000100000000)
  eden space 65536K, 0% used [0x00000000f5580000,0x00000000f5580000,0x00000000f9580000)
  from space 10752K, 99% used [0x00000000f9580000,0x00000000f9ffc828,0x00000000fa000000)
  to   space 10752K, 0% used [0x00000000fe000000,0x00000000fe000000,0x00000000fea80000)
 ParOldGen       total 175104K, used 1558K [0x00000000e0000000, 0x00000000eab00000, 0x00000000f5580000)
  object space 175104K, 0% used [0x00000000e0000000,0x00000000e0185bc0,0x00000000eab00000)
 Metaspace       used 20689K, capacity 21162K, committed 21296K, reserved 1067008K
  class space    used 2959K, capacity 3123K, committed 3200K, reserved 1048576K
Event: 3.291 GC heap after
Heap after GC invocations=4 (full 1):
 PSYoungGen      total 76288K, used 0K [0x00000000f5580000, 0x00000000fea80000, 0x0000000100000000)
  eden space 65536K, 0% used [0x00000000f5580000,0x00000000f5580000,0x00000000f9580000)
  from space 10752K, 0% used [0x00000000f9580000,0x00000000f9580000,0x00000000fa000000)
  to   space 10752K, 0% used [0x00000000fe000000,0x00000000fe000000,0x00000000fea80000)
 ParOldGen       total 175104K, used 11836K [0x00000000e0000000, 0x00000000eab00000, 0x00000000f5580000)
  object space 175104K, 6% used [0x00000000e0000000,0x00000000e0b8f270,0x00000000eab00000)
 Metaspace       used 20689K, capacity 21162K, committed 21296K, reserved 1067008K
  class space    used 2959K, capacity 3123K, committed 3200K, reserved 1048576K
}

