# JRE version: OpenJDK Runtime Environment (8.0_202-b03) (build 1.8.0_202-release-1483-b03)
# Java VM: OpenJDK 64-Bit Server VM (25.202-b03 mixed mode windows-amd64 compressed oops)
Heap:
 PSYoungGen      total 133632K, used 119336K [0x00000000f5580000, 0x0000000100000000, 0x0000000100000000)
  eden space 111104K, 87% used [0x00000000f5580000,0x00000000fb40cec8,0x00000000fc200000)
  from space 22528K, 99% used [0x00000000fea00000,0x00000000ffffd510,0x0000000100000000)
  to   space 31744K, 0% used [0x00000000fc200000,0x00000000fc200000,0x00000000fe100000)
 ParOldGen       total 277504K, used 53808K [0x00000000e0000000, 0x00000000f0f00000, 0x00000000f5580000)
  object space 277504K, 19% used [0x00000000e0000000,0x00000000e348c100,0x00000000f0f00000)
 Metaspace       used 79562K, capacity 83192K, committed 83544K, reserved 1122304K
  class space    used 10488K, capacity 11267K, committed 11392K, reserved 1048576K
GC Heap History (10 events):
Event: 10.414 GC heap before
{Heap before GC invocations=11 (full 3):
 PSYoungGen      total 142848K, used 14324K [0x00000000f5580000, 0x0000000100000000, 0x0000000100000000)
  eden space 128512K, 0% used [0x00000000f5580000,0x00000000f5580000,0x00000000fd300000)
  from space 14336K, 99% used [0x00000000ff200000,0x00000000ffffd320,0x0000000100000000)
  to   space 23040K, 0% used [0x00000000fd300000,0x00000000fd300000,0x00000000fe980000)
 ParOldGen       total 175104K, used 32591K [0x00000000e0000000, 0x00000000eab00000, 0x00000000f5580000)
  object space 175104K, 18% used [0x00000000e0000000,0x00000000e1fd3db0,0x00000000eab00000)
 Metaspace       used 56934K, capacity 58922K, committed 59096K, reserved 1099776K
  class space    used 7651K, capacity 8188K, committed 8192K, reserved 1048576K
Event: 10.790 GC heap after
Heap after GC invocations=11 (full 3):
 PSYoungGen      total 142848K, used 0K [0x00000000f5580000, 0x0000000100000000, 0x0000000100000000)
  eden space 128512K, 0% used [0x00000000f5580000,0x00000000f5580000,0x00000000fd300000)
  from space 14336K, 0% used [0x00000000ff200000,0x00000000ff200000,0x0000000100000000)
  to   space 23040K, 0% used [0x00000000fd300000,0x00000000fd300000,0x00000000fe980000)
 ParOldGen       total 277504K, used 40985K [0x00000000e0000000, 0x00000000f0f00000, 0x00000000f5580000)
  object space 277504K, 14% used [0x00000000e0000000,0x00000000e28064a8,0x00000000f0f00000)
 Metaspace       used 56934K, capacity 58922K, committed 59096K, reserved 1099776K
  class space    used 7651K, capacity 8188K, committed 8192K, reserved 1048576K
}
Event: 12.711 GC heap before
{Heap before GC invocations=12 (full 3):
 PSYoungGen      total 142848K, used 128512K [0x00000000f5580000, 0x0000000100000000, 0x0000000100000000)
  eden space 128512K, 100% used [0x00000000f5580000,0x00000000fd300000,0x00000000fd300000)
  from space 14336K, 0% used [0x00000000ff200000,0x00000000ff200000,0x0000000100000000)
  to   space 23040K, 0% used [0x00000000fd300000,0x00000000fd300000,0x00000000fe980000)
 ParOldGen       total 277504K, used 40985K [0x00000000e0000000, 0x00000000f0f00000, 0x00000000f5580000)
  object space 277504K, 14% used [0x00000000e0000000,0x00000000e28064a8,0x00000000f0f00000)
 Metaspace       used 62522K, capacity 65212K, committed 65496K, reserved 1105920K
  class space    used 8469K, capacity 9093K, committed 9216K, reserved 1048576K
Event: 12.725 GC heap after
Heap after GC invocations=12 (full 3):
 PSYoungGen      total 151552K, used 13333K [0x00000000f5580000, 0x0000000100000000, 0x0000000100000000)
  eden space 128512K, 0% used [0x00000000f5580000,0x00000000f5580000,0x00000000fd300000)
  from space 23040K, 57% used [0x00000000fd300000,0x00000000fe0056f8,0x00000000fe980000)
  to   space 22016K, 0% used [0x00000000fea80000,0x00000000fea80000,0x0000000100000000)
 ParOldGen       total 277504K, used 40993K [0x00000000e0000000, 0x00000000f0f00000, 0x00000000f5580000)
  object space 277504K, 14% used [0x00000000e0000000,0x00000000e28084a8,0x00000000f0f00000)
 Metaspace       used 62522K, capacity 65212K, committed 65496K, reserved 1105920K
  class space    used 8469K, capacity 9093K, committed 9216K, reserved 1048576K
}
Event: 14.795 GC heap before
{Heap before GC invocations=13 (full 3):
 PSYoungGen      total 151552K, used 141845K [0x00000000f5580000, 0x0000000100000000, 0x0000000100000000)
  eden space 128512K, 100% used [0x00000000f5580000,0x00000000fd300000,0x00000000fd300000)
  from space 23040K, 57% used [0x00000000fd300000,0x00000000fe0056f8,0x00000000fe980000)
  to   space 22016K, 0% used [0x00000000fea80000,0x00000000fea80000,0x0000000100000000)
 ParOldGen       total 277504K, used 40993K [0x00000000e0000000, 0x00000000f0f00000, 0x00000000f5580000)
  object space 277504K, 14% used [0x00000000e0000000,0x00000000e28084a8,0x00000000f0f00000)
 Metaspace       used 65009K, capacity 67846K, committed 68056K, reserved 1107968K
  class space    used 8785K, capacity 9468K, committed 9472K, reserved 1048576K
Event: 14.811 GC heap after
Heap after GC invocations=13 (full 3):
 PSYoungGen      total 151552K, used 16031K [0x00000000f5580000, 0x0000000100000000, 0x0000000100000000)
  eden space 129536K, 0% used [0x00000000f5580000,0x00000000f5580000,0x00000000fd400000)
  from space 22016K, 72% used [0x00000000fea80000,0x00000000ffa27ff0,0x0000000100000000)
  to   space 22528K, 0% used [0x00000000fd400000,0x00000000fd400000,0x00000000fea00000)
 ParOldGen       total 277504K, used 41001K [0x00000000e0000000, 0x00000000f0f00000, 0x00000000f5580000)
  object space 277504K, 14% used [0x00000000e0000000,0x00000000e280a4a8,0x00000000f0f00000)
 Metaspace       used 65009K, capacity 67846K, committed 68056K, reserved 1107968K
  class space    used 8785K, capacity 9468K, committed 9472K, reserved 1048576K
}
Event: 36.619 GC heap before
{Heap before GC invocations=14 (full 3):
 PSYoungGen      total 151552K, used 145567K [0x00000000f5580000, 0x0000000100000000, 0x0000000100000000)
  eden space 129536K, 100% used [0x00000000f5580000,0x00000000fd400000,0x00000000fd400000)
  from space 22016K, 72% used [0x00000000fea80000,0x00000000ffa27ff0,0x0000000100000000)
  to   space 22528K, 0% used [0x00000000fd400000,0x00000000fd400000,0x00000000fea00000)
 ParOldGen       total 277504K, used 41001K [0x00000000e0000000, 0x00000000f0f00000, 0x00000000f5580000)
  object space 277504K, 14% used [0x00000000e0000000,0x00000000e280a4a8,0x00000000f0f00000)
 Metaspace       used 70785K, capacity 73954K, committed 74072K, reserved 1114112K
  class space    used 9629K, capacity 10346K, committed 10368K, reserved 1048576K
Event: 36.638 GC heap after
Heap after GC invocations=14 (full 3):
 PSYoungGen      total 152064K, used 22509K [0x00000000f5580000, 0x0000000100000000, 0x0000000100000000)
  eden space 129536K, 0% used [0x00000000f5580000,0x00000000f5580000,0x00000000fd400000)
  from space 22528K, 99% used [0x00000000fd400000,0x00000000fe9fb7e8,0x00000000fea00000)
  to   space 22528K, 0% used [0x00000000fea00000,0x00000000fea00000,0x0000000100000000)
 ParOldGen       total 277504K, used 43152K [0x00000000e0000000, 0x00000000f0f00000, 0x00000000f5580000)
  object space 277504K, 15% used [0x00000000e0000000,0x00000000e2a242c8,0x00000000f0f00000)
 Metaspace       used 70785K, capacity 73954K, committed 74072K, reserved 1114112K
  class space    used 9629K, capacity 10346K, committed 10368K, reserved 1048576K
}
Event: 114.662 GC heap before
{Heap before GC invocations=15 (full 3):
 PSYoungGen      total 152064K, used 152045K [0x00000000f5580000, 0x0000000100000000, 0x0000000100000000)
  eden space 129536K, 100% used [0x00000000f5580000,0x00000000fd400000,0x00000000fd400000)
  from space 22528K, 99% used [0x00000000fd400000,0x00000000fe9fb7e8,0x00000000fea00000)
  to   space 22528K, 0% used [0x00000000fea00000,0x00000000fea00000,0x0000000100000000)
 ParOldGen       total 277504K, used 43152K [0x00000000e0000000, 0x00000000f0f00000, 0x00000000f5580000)
  object space 277504K, 15% used [0x00000000e0000000,0x00000000e2a242c8,0x00000000f0f00000)
 Metaspace       used 74954K, capacity 78514K, committed 78808K, reserved 1118208K
  class space    used 9916K, capacity 10682K, committed 10752K, reserved 1048576K
Event: 114.723 GC heap after
Heap after GC invocations=15 (full 3):
 PSYoungGen      total 133632K, used 22517K [0x00000000f5580000, 0x0000000100000000, 0x0000000100000000)
  eden space 111104K, 0% used [0x00000000f5580000,0x00000000f5580000,0x00000000fc200000)
  from space 22528K, 99% used [0x00000000fea00000,0x00000000ffffd510,0x0000000100000000)
  to   space 31744K, 0% used [0x00000000fc200000,0x00000000fc200000,0x00000000fe100000)
 ParOldGen       total 277504K, used 53808K [0x00000000e0000000, 0x00000000f0f00000, 0x00000000f5580000)
  object space 277504K, 19% used [0x00000000e0000000,0x00000000e348c100,0x00000000f0f00000)
 Metaspace       used 74954K, capacity 78514K, committed 78808K, reserved 1118208K
  class space    used 9916K, capacity 10682K, committed 10752K, reserved 1048576K
}

